<?xml version="1.0" encoding="UTF-8"?><testsuite errors="0" failures="0" name="Automation Suite for PetStore API Testing" skipped="0" tests="19" time="15.83" timestamp="2021-03-18 05:00:35"><testcase name="Verify Adding Pet to the Store with Invalid Input"/><testcase name="Verify Getting Pet from the Store with Invalid Input"/><testcase name="Verify Deleting the Pet with Invalid Pet ID"/><testcase name="Verify Delete the Purchase order by Invalid ID"/><testcase name="Verify Getting the User with Invalid UserName"/><testcase name="Verify Deleting the User with Invalid UserName"/><testcase name="Verify Service Add Pet to the PetStore with Valid Data"/><testcase name="Verify Service Get Pet from PetStore with Valid Data"/><testcase name="Verify Service Delete Pet from PetStore with Valid Data"/><testcase name="Verify Sevice Place the Order with Valid Data"/><testcase name="Verify Sevice Get the Order with Valid Data"/><testcase name="Verify Sevice Delete the Order with Valid Data"/><testcase name="Verify Sevice Get the Order with Valid Data"/><testcase name="Verify Service Create the User with Valid Data"/><testcase name="Verify Service User Logs into System with Valid Data"/><testcase name="Verify Service Get User with valid User Name"/><testcase name="Verify Service Update User with valid User Name"/><testcase name="Verify Service Delete User with valid User Name"/><testcase name="Verify Service Creates list of users with Valid input Array"/></testsuite>